Start testing: Oct 22 17:50 東京 (標準時)
----------------------------------------------------------
1/1 Testing: Factorial.HandlesPositiveInput
1/1 Test: Factorial.HandlesPositiveInput
Command: "C:/Users/casey/Documents/Arduino/libraries/MyLibrary/test/UnitTest/Build/Algorithm/Debug/AlgorithmTest.exe" "--gtest_filter=Factorial.HandlesPositiveInput" "--gtest_also_run_disabled_tests"
Directory: C:/Users/casey/Documents/Arduino/libraries/MyLibrary/test/UnitTest/Build/Algorithm
"Factorial.HandlesPositiveInput" start time: Oct 22 17:50 東京 (標準時)
Output:
----------------------------------------------------------
Running main() from C:\Users\casey\Documents\Arduino\libraries\MyLibrary\test\UnitTest\Thirdparty\googletest\googletest\src\gtest_main.cc
Note: Google Test filter = Factorial.HandlesPositiveInput
[==========] Running 1 test from 1 test suite.
[----------] Global test environment set-up.
[----------] 1 test from Factorial
[ RUN      ] Factorial.HandlesPositiveInput
[       OK ] Factorial.HandlesPositiveInput (0 ms)
[----------] 1 test from Factorial (0 ms total)

[----------] Global test environment tear-down
[==========] 1 test from 1 test suite ran. (1 ms total)
[  PASSED  ] 1 test.
<end of output>
Test time =   0.02 sec
----------------------------------------------------------
Test Passed.
"Factorial.HandlesPositiveInput" end time: Oct 22 17:50 東京 (標準時)
"Factorial.HandlesPositiveInput" time elapsed: 00:00:00
----------------------------------------------------------

End testing: Oct 22 17:50 東京 (標準時)
